11:51:10 **** Build of configuration Nios II for project camera_controller ****
make all 
Info: Building C:/Users/qfrancoi/Desktop/lab_4_project_template/sw/nios/camera_controller_bsp/
C:/altera_lite/16.0/nios2eds/bin/gnu/H-x86_64-mingw32/bin/make --no-print-directory -C C:/Users/qfrancoi/Desktop/lab_4_project_template/sw/nios/camera_controller_bsp/
[BSP build complete]
Info: Compiling cmos_sensor_output_generator/cmos_sensor_output_generator.c to obj/default/cmos_sensor_output_generator/cmos_sensor_output_generator.o
nios2-elf-gcc -xc -MP -MMD -c -IC:/Users/qfrancoi/Desktop/lab_4_project_template/sw/nios/camera_controller_bsp//HAL/inc -IC:/Users/qfrancoi/Desktop/lab_4_project_template/sw/nios/camera_controller_bsp/ -IC:/Users/qfrancoi/Desktop/lab_4_project_template/sw/nios/camera_controller_bsp//drivers/inc  -pipe -D__hal__ -DALT_NO_INSTRUCTION_EMULATION -DALT_SINGLE_THREADED    -O0 -g -Wall   -mno-hw-div -mhw-mul -mno-hw-mulx  -o obj/default/cmos_sensor_output_generator/cmos_sensor_output_generator.o cmos_sensor_output_generator/cmos_sensor_output_generator.c
cmos_sensor_output_generator/cmos_sensor_output_generator.c:185:17: warning: 'read_frame_width_reg' defined but not used [-Wunused-function]
 static uint32_t read_frame_width_reg(cmos_sensor_output_generator_dev *dev) {
                 ^
cmos_sensor_output_generator/cmos_sensor_output_generator.c:194:17: warning: 'read_frame_height_reg' defined but not used [-Wunused-function]
 static uint32_t read_frame_height_reg(cmos_sensor_output_generator_dev *dev) {
                 ^
cmos_sensor_output_generator/cmos_sensor_output_generator.c:203:17: warning: 'read_frame_frame_blank_reg' defined but not used [-Wunused-function]
 static uint32_t read_frame_frame_blank_reg(cmos_sensor_output_generator_dev *dev) {
                 ^
cmos_sensor_output_generator/cmos_sensor_output_generator.c:212:17: warning: 'read_frame_line_blank_reg' defined but not used [-Wunused-function]
 static uint32_t read_frame_line_blank_reg(cmos_sensor_output_generator_dev *dev) {
                 ^
cmos_sensor_output_generator/cmos_sensor_output_generator.c:221:17: warning: 'read_line_line_blank_reg' defined but not used [-Wunused-function]
 static uint32_t read_line_line_blank_reg(cmos_sensor_output_generator_dev *dev) {
                 ^
cmos_sensor_output_generator/cmos_sensor_output_generator.c:230:17: warning: 'read_line_frame_blank_reg' defined but not used [-Wunused-function]
 static uint32_t read_line_frame_blank_reg(cmos_sensor_output_generator_dev *dev) {
                 ^
Info: Compiling hello_world.c to obj/default/hello_world.o
nios2-elf-gcc -xc -MP -MMD -c -IC:/Users/qfrancoi/Desktop/lab_4_project_template/sw/nios/camera_controller_bsp//HAL/inc -IC:/Users/qfrancoi/Desktop/lab_4_project_template/sw/nios/camera_controller_bsp/ -IC:/Users/qfrancoi/Desktop/lab_4_project_template/sw/nios/camera_controller_bsp//drivers/inc  -pipe -D__hal__ -DALT_NO_INSTRUCTION_EMULATION -DALT_SINGLE_THREADED    -O0 -g -Wall   -mno-hw-div -mhw-mul -mno-hw-mulx  -o obj/default/hello_world.o hello_world.c
hello_world.c:29:0: warning: "HPS_0_BRIDGES_SPAN" redefined
 #define HPS_0_BRIDGES_SPAN (151 * 1024) /* address_span_expander span from system.h 320*240*2 bytes */
 ^
In file included from hello_world.c:27:0:
C:/Users/qfrancoi/Desktop/lab_4_project_template/sw/nios/camera_controller_bsp/system.h:248:0: note: this is the location of the previous definition
 #define HPS_0_BRIDGES_SPAN 268435456
 ^
hello_world.c: In function 'main':
C:/Users/qfrancoi/Desktop/lab_4_project_template/sw/nios/camera_controller_bsp/system.h:216:45: warning: passing argument 1 of 'cmos_sensor_output_generator_inst' makes pointer from integer without a cast [-Wint-conversion]
 #define CMOS_SENSOR_OUTPUT_GENERATOR_0_BASE 0x10000820
                                             ^
hello_world.c:36:100: note: in expansion of macro 'CMOS_SENSOR_OUTPUT_GENERATOR_0_BASE'
  cmos_sensor_output_generator_dev cmos_sensor_output_generator = cmos_sensor_output_generator_inst(CMOS_SENSOR_OUTPUT_GENERATOR_0_BASE,
                                                                                                    ^
In file included from hello_world.c:24:0:
cmos_sensor_output_generator/cmos_sensor_output_generator.h:22:34: note: expected 'void *' but argument is of type 'int'
 cmos_sensor_output_generator_dev cmos_sensor_output_generator_inst(void *base, uint8_t pix_depth, uint32_t max_width, uint32_t max_height);
                                  ^
hello_world.c:80:21: warning: format '%i' expects argument of type 'int', but argument 2 has type 'uint32_t {aka long unsigned int}' [-Wformat=]
              printf("kilobyte_count = %i \n", kilobyte_count);
                     ^
hello_world.c:80:21: warning: format '%i' expects argument of type 'int', but argument 2 has type 'uint32_t {aka long unsigned int}' [-Wformat=]
Info: Compiling i2c/i2c.c to obj/default/i2c/i2c.o
nios2-elf-gcc -xc -MP -MMD -c -IC:/Users/qfrancoi/Desktop/lab_4_project_template/sw/nios/camera_controller_bsp//HAL/inc -IC:/Users/qfrancoi/Desktop/lab_4_project_template/sw/nios/camera_controller_bsp/ -IC:/Users/qfrancoi/Desktop/lab_4_project_template/sw/nios/camera_controller_bsp//drivers/inc  -pipe -D__hal__ -DALT_NO_INSTRUCTION_EMULATION -DALT_SINGLE_THREADED    -O0 -g -Wall   -mno-hw-div -mhw-mul -mno-hw-mulx  -o obj/default/i2c/i2c.o i2c/i2c.c
Info: Linking camera_controller.elf
nios2-elf-g++  -T'C:/Users/qfrancoi/Desktop/lab_4_project_template/sw/nios/camera_controller_bsp//linker.x' -msys-crt0='C:/Users/qfrancoi/Desktop/lab_4_project_template/sw/nios/camera_controller_bsp//obj/HAL/src/crt0.o' -msys-lib=hal_bsp -LC:/Users/qfrancoi/Desktop/lab_4_project_template/sw/nios/camera_controller_bsp/   -Wl,-Map=camera_controller.map   -O0 -g -Wall   -mno-hw-div -mhw-mul -mno-hw-mulx  -o camera_controller.elf obj/default/cmos_sensor_output_generator/cmos_sensor_output_generator.o obj/default/hello_world.o obj/default/i2c/i2c.o -lm -msys-lib=m
nios2-elf-insert camera_controller.elf --thread_model hal --cpu_name nios2_gen2_0 --qsys true --simulation_enabled false --stderr_dev jtag_uart_0 --stdin_dev jtag_uart_0 --stdout_dev jtag_uart_0 --sopc_system_name soc_system --quartus_project_dir "c:/Users/qfrancoi/Desktop/lab_4_project_template/hw/quartus" --jdi C:/Users/qfrancoi/Desktop/lab_4_project_template/hw/quartus//output_files/ES_mini_project_TRDB_D5M_LT24.jdi --sopcinfo C:/Users/qfrancoi/Desktop/lab_4_project_template/hw/quartus/soc_system.sopcinfo
Info: (camera_controller.elf) 77 KBytes program size (code + initialized data).
Info:                         44 KBytes free for stack + heap.
Info: Creating camera_controller.objdump
nios2-elf-objdump --disassemble --syms --all-header --source camera_controller.elf >camera_controller.objdump
[camera_controller build complete]

11:51:11 Build Finished (took 1s.780ms)

