Flow report for ES_mini_project_TRDB_D5M_LT24
Sun Jan 08 17:14:15 2017
Quartus Prime Version 16.0.0 Build 211 04/27/2016 SJ Lite Edition


---------------------
; Table of Contents ;
---------------------
  1. Legal Notice
  2. Flow Summary
  3. Flow Settings
  4. Flow Non-Default Global Settings
  5. Flow Elapsed Time
  6. Flow OS Summary
  7. Flow Log
  8. Flow Messages
  9. Flow Suppressed Messages



----------------
; Legal Notice ;
----------------
Copyright (C) 1991-2016 Altera Corporation. All rights reserved.
Your use of Altera Corporation's design tools, logic functions 
and other software and tools, and its AMPP partner logic 
functions, and any output files from any of the foregoing 
(including device programming or simulation files), and any 
associated documentation or information are expressly subject 
to the terms and conditions of the Altera Program License 
Subscription Agreement, the Altera Quartus Prime License Agreement,
the Altera MegaCore Function License Agreement, or other 
applicable license agreement, including, without limitation, 
that your use is for the sole purpose of programming logic 
devices manufactured by Altera and sold by Altera or its 
authorized distributors.  Please refer to the applicable 
agreement for further details.



+-------------------------------------------------------------------------------+
; Flow Summary                                                                  ;
+---------------------------------+---------------------------------------------+
; Flow Status                     ; Successful - Sun Jan 08 17:12:43 2017       ;
; Quartus Prime Version           ; 16.0.0 Build 211 04/27/2016 SJ Lite Edition ;
; Revision Name                   ; ES_mini_project_TRDB_D5M_LT24               ;
; Top-level Entity Name           ; DE0_Nano_SoC_TRDB_D5M_LT24_top_level        ;
; Family                          ; Cyclone V                                   ;
; Device                          ; 5CSEMA4U23C6                                ;
; Timing Models                   ; Final                                       ;
; Logic utilization (in ALMs)     ; 7,609 / 15,880 ( 48 % )                     ;
; Total registers                 ; 11309                                       ;
; Total pins                      ; 207 / 314 ( 66 % )                          ;
; Total virtual pins              ; 0                                           ;
; Total block memory bits         ; 1,130,624 / 2,764,800 ( 41 % )              ;
; Total DSP Blocks                ; 4 / 84 ( 5 % )                              ;
; Total HSSI RX PCSs              ; 0                                           ;
; Total HSSI PMA RX Deserializers ; 0                                           ;
; Total HSSI TX PCSs              ; 0                                           ;
; Total HSSI PMA TX Serializers   ; 0                                           ;
; Total PLLs                      ; 1 / 5 ( 20 % )                              ;
; Total DLLs                      ; 1 / 4 ( 25 % )                              ;
+---------------------------------+---------------------------------------------+


+---------------------------------------------------+
; Flow Settings                                     ;
+-------------------+-------------------------------+
; Option            ; Setting                       ;
+-------------------+-------------------------------+
; Start date & time ; 01/08/2017 16:55:36           ;
; Main task         ; Compilation                   ;
; Revision Name     ; ES_mini_project_TRDB_D5M_LT24 ;
+-------------------+-------------------------------+


+-----------------------------------------------------------------------------------------------------------------------------------------------------------------------------+
; Flow Non-Default Global Settings                                                                                                                                            ;
+---------------------------------------+---------------------------------------+-------------------------------+--------------------------------------+----------------------+
; Assignment Name                       ; Value                                 ; Default Value                 ; Entity Name                          ; Section Id           ;
+---------------------------------------+---------------------------------------+-------------------------------+--------------------------------------+----------------------+
; COMPILER_SIGNATURE_ID                 ; 1098258261821.148389093604304         ; --                            ; --                                   ; --                   ;
; ECO_REGENERATE_REPORT                 ; On                                    ; Off                           ; --                                   ; --                   ;
; EDA_INPUT_DATA_FORMAT                 ; Edif                                  ; --                            ; --                                   ; eda_design_synthesis ;
; ENABLE_SIGNALTAP                      ; On                                    ; --                            ; --                                   ; --                   ;
; MAX_CORE_JUNCTION_TEMP                ; 85                                    ; --                            ; --                                   ; --                   ;
; MIN_CORE_JUNCTION_TEMP                ; 0                                     ; --                            ; --                                   ; --                   ;
; PARTITION_COLOR                       ; 16764057                              ; --                            ; DE0_Nano_SoC_TRDB_D5M_LT24_top_level ; Top                  ;
; PARTITION_FITTER_PRESERVATION_LEVEL   ; PLACEMENT_AND_ROUTING                 ; --                            ; DE0_Nano_SoC_TRDB_D5M_LT24_top_level ; Top                  ;
; PARTITION_NETLIST_TYPE                ; SOURCE                                ; --                            ; DE0_Nano_SoC_TRDB_D5M_LT24_top_level ; Top                  ;
; POWER_BOARD_THERMAL_MODEL             ; None (CONSERVATIVE)                   ; --                            ; --                                   ; --                   ;
; POWER_PRESET_COOLING_SOLUTION         ; 23 MM HEAT SINK WITH 200 LFPM AIRFLOW ; --                            ; --                                   ; --                   ;
; PROJECT_OUTPUT_DIRECTORY              ; output_files                          ; --                            ; --                                   ; --                   ;
; TOP_LEVEL_ENTITY                      ; DE0_Nano_SoC_TRDB_D5M_LT24_top_level  ; ES_mini_project_TRDB_D5M_LT24 ; --                                   ; --                   ;
; USE_DLL_FREQUENCY_FOR_DQS_DELAY_CHAIN ; On                                    ; Off                           ; --                                   ; --                   ;
; USE_SIGNALTAP_FILE                    ; WaitRequest.stp                       ; --                            ; --                                   ; --                   ;
+---------------------------------------+---------------------------------------+-------------------------------+--------------------------------------+----------------------+


+-------------------------------------------------------------------------------------------------------------------------------+
; Flow Elapsed Time                                                                                                             ;
+---------------------------+--------------+-------------------------+---------------------+------------------------------------+
; Module Name               ; Elapsed Time ; Average Processors Used ; Peak Virtual Memory ; Total CPU Time (on all processors) ;
+---------------------------+--------------+-------------------------+---------------------+------------------------------------+
; Analysis & Synthesis      ; 00:03:33     ; 1.1                     ; 1381 MB             ; 00:05:50                           ;
; Fitter                    ; 00:12:49     ; 1.2                     ; 3442 MB             ; 00:24:33                           ;
; Assembler                 ; 00:00:21     ; 1.0                     ; 1087 MB             ; 00:00:18                           ;
; TimeQuest Timing Analyzer ; 00:01:30     ; 2.0                     ; 1944 MB             ; 00:02:49                           ;
; Total                     ; 00:18:13     ; --                      ; --                  ; 00:33:30                           ;
+---------------------------+--------------+-------------------------+---------------------+------------------------------------+


+-----------------------------------------------------------------------------------------+
; Flow OS Summary                                                                         ;
+---------------------------+-------------------+-----------+------------+----------------+
; Module Name               ; Machine Hostname  ; OS Name   ; OS Version ; Processor type ;
+---------------------------+-------------------+-----------+------------+----------------+
; Analysis & Synthesis      ; Acer-Aspire-Nitro ; Windows 8 ; 6.2        ; x86_64         ;
; Fitter                    ; Acer-Aspire-Nitro ; Windows 8 ; 6.2        ; x86_64         ;
; Assembler                 ; Acer-Aspire-Nitro ; Windows 8 ; 6.2        ; x86_64         ;
; TimeQuest Timing Analyzer ; Acer-Aspire-Nitro ; Windows 8 ; 6.2        ; x86_64         ;
+---------------------------+-------------------+-----------+------------+----------------+


------------
; Flow Log ;
------------
quartus_map --read_settings_files=on --write_settings_files=off ES_mini_project_TRDB_D5M_LT24 -c ES_mini_project_TRDB_D5M_LT24
quartus_fit --read_settings_files=off --write_settings_files=off ES_mini_project_TRDB_D5M_LT24 -c ES_mini_project_TRDB_D5M_LT24
quartus_asm --read_settings_files=off --write_settings_files=off ES_mini_project_TRDB_D5M_LT24 -c ES_mini_project_TRDB_D5M_LT24
quartus_sta ES_mini_project_TRDB_D5M_LT24 -c ES_mini_project_TRDB_D5M_LT24



