Assembler report for ES_mini_project_TRDB_D5M_LT24
Sun Jan 01 23:49:02 2017
Quartus Prime Version 16.0.0 Build 211 04/27/2016 SJ Lite Edition


---------------------
; Table of Contents ;
---------------------
  1. Legal Notice
  2. Assembler Summary
  3. Assembler Settings
  4. Assembler Encrypted IP Cores Summary
  5. Assembler Generated Files
  6. Assembler Device Options: D:/Temp/EmbeddedProject_EPFL/Camera/lab_4_project_template/hw/quartus/output_files/ES_mini_project_TRDB_D5M_LT24_time_limited.sof
  7. Assembler Messages



----------------
; Legal Notice ;
----------------
Copyright (C) 1991-2016 Altera Corporation. All rights reserved.
Your use of Altera Corporation's design tools, logic functions 
and other software and tools, and its AMPP partner logic 
functions, and any output files from any of the foregoing 
(including device programming or simulation files), and any 
associated documentation or information are expressly subject 
to the terms and conditions of the Altera Program License 
Subscription Agreement, the Altera Quartus Prime License Agreement,
the Altera MegaCore Function License Agreement, or other 
applicable license agreement, including, without limitation, 
that your use is for the sole purpose of programming logic 
devices manufactured by Altera and sold by Altera or its 
authorized distributors.  Please refer to the applicable 
agreement for further details.



+---------------------------------------------------------------+
; Assembler Summary                                             ;
+-----------------------+---------------------------------------+
; Assembler Status      ; Successful - Sun Jan 01 23:49:02 2017 ;
; Revision Name         ; ES_mini_project_TRDB_D5M_LT24         ;
; Top-level Entity Name ; DE0_Nano_SoC_TRDB_D5M_LT24_top_level  ;
; Family                ; Cyclone V                             ;
; Device                ; 5CSEMA4U23C6                          ;
+-----------------------+---------------------------------------+


+----------------------------------+
; Assembler Settings               ;
+--------+---------+---------------+
; Option ; Setting ; Default Value ;
+--------+---------+---------------+


+--------------------------------------------------------+
; Assembler Encrypted IP Cores Summary                   ;
+--------+-------------------------------+---------------+
; Vendor ; IP Core Name                  ; License Type  ;
+--------+-------------------------------+---------------+
; Altera ; Nios II Processor (6AF7 00A2) ; OpenCore Plus ;
; Altera ; Signal Tap (6AF7 BCE1)        ; Licensed      ;
; Altera ; Signal Tap (6AF7 BCEC)        ; Licensed      ;
+--------+-------------------------------+---------------+


+-----------------------------------------------------------------------------------------------------------------------------------+
; Assembler Generated Files                                                                                                         ;
+-----------------------------------------------------------------------------------------------------------------------------------+
; File Name                                                                                                                         ;
+-----------------------------------------------------------------------------------------------------------------------------------+
; D:/Temp/EmbeddedProject_EPFL/Camera/lab_4_project_template/hw/quartus/output_files/ES_mini_project_TRDB_D5M_LT24_time_limited.sof ;
+-----------------------------------------------------------------------------------------------------------------------------------+


+-------------------------------------------------------------------------------------------------------------------------------------------------------------+
; Assembler Device Options: D:/Temp/EmbeddedProject_EPFL/Camera/lab_4_project_template/hw/quartus/output_files/ES_mini_project_TRDB_D5M_LT24_time_limited.sof ;
+----------------+--------------------------------------------------------------------------------------------------------------------------------------------+
; Option         ; Setting                                                                                                                                    ;
+----------------+--------------------------------------------------------------------------------------------------------------------------------------------+
; Device         ; 5CSEMA4U23C6                                                                                                                               ;
; JTAG usercode  ; 0x0455B30F                                                                                                                                 ;
; Checksum       ; 0x0455B30F                                                                                                                                 ;
+----------------+--------------------------------------------------------------------------------------------------------------------------------------------+


+--------------------+
; Assembler Messages ;
+--------------------+
Info: *******************************************************************
Info: Running Quartus Prime Assembler
    Info: Version 16.0.0 Build 211 04/27/2016 SJ Lite Edition
    Info: Processing started: Sun Jan 01 23:48:40 2017
Info: Command: quartus_asm --read_settings_files=off --write_settings_files=off ES_mini_project_TRDB_D5M_LT24 -c ES_mini_project_TRDB_D5M_LT24
Info (115030): Assembler is generating device programming files
Info (115017): Design contains a time-limited core -- only a single, time-limited programming file can be generated
Warning (210042): Can't convert time-limited SOF into POF, HEX File, TTF, or RBF
Info (210040): SRAM Object File D:/Temp/EmbeddedProject_EPFL/Camera/lab_4_project_template/hw/quartus/output_files/ES_mini_project_TRDB_D5M_LT24_time_limited.sof contains time-limited megafunction that supports OpenCore Plus feature -- Vendor: 0x6AF7, Product: 0x00A2
Warning (11713): The configuration of the Hard Processor Subsystem (HPS) within this design has changed.
The Preloader software that initializes the HPS requires an update.
Using hps_isw_handoff/soc_system_hps_0/, run the Preloader Support Package Generator to update your Preloader software
Info: Quartus Prime Assembler was successful. 0 errors, 2 warnings
    Info: Peak virtual memory: 1070 megabytes
    Info: Processing ended: Sun Jan 01 23:49:02 2017
    Info: Elapsed time: 00:00:22
    Info: Total CPU time (on all processors): 00:00:18


